<?xml version="1.0" encoding="UTF-8"?>
<!-- Generated by org.testng.reporters.JUnitReportReporter -->
<testsuite hostname="LAPTOP-FKDPNV7C" failures="0" tests="1" name="spotify.Automation.Spotify_Api" time="7.042" errors="0" timestamp="2023-01-06T15:57:59 IST" skipped="0">
  <testcase classname="spotify.Automation.Spotify_Api" name="search2" time="7.042"/>
  <system-out/>
</testsuite> <!-- spotify.Automation.Spotify_Api -->
