<?xml version="1.0" encoding="UTF-8"?>
<!-- Generated by org.testng.reporters.JUnitReportReporter -->
<testsuite hostname="LAPTOP-FKDPNV7C" failures="0" tests="3" name="spotify.Automation.TestNG" time="0.138" errors="0" timestamp="2023-01-06T14:35:44 IST" skipped="0">
  <testcase classname="spotify.Automation.TestNG" name="Test1" time="0.040"/>
  <system-out/>
  <testcase classname="spotify.Automation.TestNG" name="Test2" time="0.077"/>
  <system-out/>
  <testcase classname="spotify.Automation.TestNG" name="userid" time="0.021"/>
  <system-out/>
</testsuite> <!-- spotify.Automation.TestNG -->
